2014-12-10 08:10:49.535 Colts Fandom[8163:713572] DiskCookieStorage changing policy from 2 to 0, cookie file: file:///Users/bradylewis/Library/Developer/CoreSimulator/Devices/3FCF9804-2E14-44D6-9848-0B833C7BCF83/data/Containers/Data/Application/319BE76E-9D72-4F67-B912-3CC54BC3CAD3/Library/Cookies/Cookies.binarycookies
2014-12-10 08:10:49.656 Colts Fandom[8163:713572] Multi-tasking -> Device: YES, App: YES
2014-12-10 08:10:49.667 Colts Fandom[8163:713572] Unlimited access to network resources
2014-12-10 08:10:49.678 Colts Fandom[8163:713572] 

Started backup to iCloud! Please be careful.
Your application might rejected by Apple if you store too much data.
For more information please read "iOS Data Storage Guidelines"
You could find it at the following address https://developer.apple.com/icloud/documentation/data-storage/ .

2014-12-10 08:10:50.683 Colts Fandom[8163:713572] Resetting plugins due to page load.
2014-12-10 08:10:50.819 Colts Fandom[8163:713572] Finished load of: file:///Users/bradylewis/Library/Developer/CoreSimulator/Devices/3FCF9804-2E14-44D6-9848-0B833C7BCF83/data/Containers/Bundle/Application/05D24514-1F11-4939-BBAB-02CB9037A630/Colts%20Fandom.app/www/index.html
2014-12-10 08:24:20.184 Colts Fandom[8293:717907] DiskCookieStorage changing policy from 2 to 0, cookie file: file:///Users/bradylewis/Library/Developer/CoreSimulator/Devices/3FCF9804-2E14-44D6-9848-0B833C7BCF83/data/Containers/Data/Application/52EC0F9D-1DC6-4C2D-85B4-5FCC0B011969/Library/Cookies/Cookies.binarycookies
2014-12-10 08:24:20.247 Colts Fandom[8293:717907] Multi-tasking -> Device: YES, App: YES
2014-12-10 08:24:20.256 Colts Fandom[8293:717907] Unlimited access to network resources
2014-12-10 08:24:20.259 Colts Fandom[8293:717907] 

Started backup to iCloud! Please be careful.
Your application might rejected by Apple if you store too much data.
For more information please read "iOS Data Storage Guidelines"
You could find it at the following address https://developer.apple.com/icloud/documentation/data-storage/ .

2014-12-10 08:24:20.473 Colts Fandom[8293:717907] Resetting plugins due to page load.
2014-12-10 08:24:20.530 Colts Fandom[8293:717907] Finished load of: file:///Users/bradylewis/Library/Developer/CoreSimulator/Devices/3FCF9804-2E14-44D6-9848-0B833C7BCF83/data/Containers/Bundle/Application/D565F5DB-19C6-48E8-9EE1-93E1F10DE5AA/Colts%20Fandom.app/www/index.html
2014-12-10 08:27:29.354 Colts Fandom[8418:719385] DiskCookieStorage changing policy from 2 to 0, cookie file: file:///Users/bradylewis/Library/Developer/CoreSimulator/Devices/3FCF9804-2E14-44D6-9848-0B833C7BCF83/data/Containers/Data/Application/A15A7F2E-D6D7-4A75-AFC0-AB0FBB4CB02F/Library/Cookies/Cookies.binarycookies
2014-12-10 08:27:29.448 Colts Fandom[8418:719385] Multi-tasking -> Device: YES, App: YES
2014-12-10 08:27:29.457 Colts Fandom[8418:719385] Unlimited access to network resources
2014-12-10 08:27:29.460 Colts Fandom[8418:719385] 

Started backup to iCloud! Please be careful.
Your application might rejected by Apple if you store too much data.
For more information please read "iOS Data Storage Guidelines"
You could find it at the following address https://developer.apple.com/icloud/documentation/data-storage/ .

2014-12-10 08:27:29.666 Colts Fandom[8418:719385] Resetting plugins due to page load.
2014-12-10 08:27:29.716 Colts Fandom[8418:719385] Finished load of: file:///Users/bradylewis/Library/Developer/CoreSimulator/Devices/3FCF9804-2E14-44D6-9848-0B833C7BCF83/data/Containers/Bundle/Application/F30A81E1-883D-411B-9A6D-8BBD738E4644/Colts%20Fandom.app/www/index.html
2014-12-10 08:29:00.982 Colts Fandom[8538:720444] DiskCookieStorage changing policy from 2 to 0, cookie file: file:///Users/bradylewis/Library/Developer/CoreSimulator/Devices/3FCF9804-2E14-44D6-9848-0B833C7BCF83/data/Containers/Data/Application/9E385CF3-D999-496B-BC4C-6942C9A2A87A/Library/Cookies/Cookies.binarycookies
2014-12-10 08:29:01.045 Colts Fandom[8538:720444] Multi-tasking -> Device: YES, App: YES
2014-12-10 08:29:01.054 Colts Fandom[8538:720444] Unlimited access to network resources
2014-12-10 08:29:01.057 Colts Fandom[8538:720444] 

Started backup to iCloud! Please be careful.
Your application might rejected by Apple if you store too much data.
For more information please read "iOS Data Storage Guidelines"
You could find it at the following address https://developer.apple.com/icloud/documentation/data-storage/ .

2014-12-10 08:29:01.321 Colts Fandom[8538:720444] Resetting plugins due to page load.
2014-12-10 08:29:01.370 Colts Fandom[8538:720444] Finished load of: file:///Users/bradylewis/Library/Developer/CoreSimulator/Devices/3FCF9804-2E14-44D6-9848-0B833C7BCF83/data/Containers/Bundle/Application/34EDBF53-8820-44A1-932D-DC6579F09B45/Colts%20Fandom.app/www/index.html
2014-12-10 08:31:55.762 Colts Fandom[8729:722829] DiskCookieStorage changing policy from 2 to 0, cookie file: file:///Users/bradylewis/Library/Developer/CoreSimulator/Devices/3FCF9804-2E14-44D6-9848-0B833C7BCF83/data/Containers/Data/Application/E0CE26B3-5560-4414-BDE1-AD348B332A63/Library/Cookies/Cookies.binarycookies
2014-12-10 08:31:55.821 Colts Fandom[8729:722829] Multi-tasking -> Device: YES, App: YES
2014-12-10 08:31:55.831 Colts Fandom[8729:722829] Unlimited access to network resources
2014-12-10 08:31:55.835 Colts Fandom[8729:722829] 

Started backup to iCloud! Please be careful.
Your application might rejected by Apple if you store too much data.
For more information please read "iOS Data Storage Guidelines"
You could find it at the following address https://developer.apple.com/icloud/documentation/data-storage/ .

2014-12-10 08:31:56.063 Colts Fandom[8729:722829] Resetting plugins due to page load.
2014-12-10 08:31:56.121 Colts Fandom[8729:722829] Finished load of: file:///Users/bradylewis/Library/Developer/CoreSimulator/Devices/3FCF9804-2E14-44D6-9848-0B833C7BCF83/data/Containers/Bundle/Application/00449531-3403-47CE-AC13-83971E47B787/Colts%20Fandom.app/www/index.html
2014-12-10 08:32:35.971 Colts Fandom[8843:723640] DiskCookieStorage changing policy from 2 to 0, cookie file: file:///Users/bradylewis/Library/Developer/CoreSimulator/Devices/3FCF9804-2E14-44D6-9848-0B833C7BCF83/data/Containers/Data/Application/D027EAAD-1252-4692-8246-5FD53A57F549/Library/Cookies/Cookies.binarycookies
2014-12-10 08:32:36.053 Colts Fandom[8843:723640] Multi-tasking -> Device: YES, App: YES
2014-12-10 08:32:36.059 Colts Fandom[8843:723640] Unlimited access to network resources
2014-12-10 08:32:36.062 Colts Fandom[8843:723640] 

Started backup to iCloud! Please be careful.
Your application might rejected by Apple if you store too much data.
For more information please read "iOS Data Storage Guidelines"
You could find it at the following address https://developer.apple.com/icloud/documentation/data-storage/ .

2014-12-10 08:32:36.251 Colts Fandom[8843:723640] Resetting plugins due to page load.
2014-12-10 08:32:36.314 Colts Fandom[8843:723640] Finished load of: file:///Users/bradylewis/Library/Developer/CoreSimulator/Devices/3FCF9804-2E14-44D6-9848-0B833C7BCF83/data/Containers/Bundle/Application/A08E1AA0-ABDE-441D-AD43-D7376065C0DD/Colts%20Fandom.app/www/index.html
2014-12-10 08:42:07.943 Colts Fandom[8969:726649] DiskCookieStorage changing policy from 2 to 0, cookie file: file:///Users/bradylewis/Library/Developer/CoreSimulator/Devices/3FCF9804-2E14-44D6-9848-0B833C7BCF83/data/Containers/Data/Application/78B1001E-3CEA-4577-9EFE-8840532A7B8C/Library/Cookies/Cookies.binarycookies
2014-12-10 08:42:08.036 Colts Fandom[8969:726649] Multi-tasking -> Device: YES, App: YES
2014-12-10 08:42:08.043 Colts Fandom[8969:726649] Unlimited access to network resources
2014-12-10 08:42:08.046 Colts Fandom[8969:726649] 

Started backup to iCloud! Please be careful.
Your application might rejected by Apple if you store too much data.
For more information please read "iOS Data Storage Guidelines"
You could find it at the following address https://developer.apple.com/icloud/documentation/data-storage/ .

2014-12-10 08:42:08.289 Colts Fandom[8969:726649] Resetting plugins due to page load.
2014-12-10 08:42:08.378 Colts Fandom[8969:726649] Finished load of: file:///Users/bradylewis/Library/Developer/CoreSimulator/Devices/3FCF9804-2E14-44D6-9848-0B833C7BCF83/data/Containers/Bundle/Application/BCE24F0A-6B01-4EA4-AE01-6A4D511E5AC1/Colts%20Fandom.app/www/index.html
2014-12-10 09:01:28.424 Colts Fandom[9118:733722] DiskCookieStorage changing policy from 2 to 0, cookie file: file:///Users/bradylewis/Library/Developer/CoreSimulator/Devices/3FCF9804-2E14-44D6-9848-0B833C7BCF83/data/Containers/Data/Application/D1ED47DA-199A-4CE4-9281-B913BD1B2B8F/Library/Cookies/Cookies.binarycookies
2014-12-10 09:01:28.486 Colts Fandom[9118:733722] Multi-tasking -> Device: YES, App: YES
2014-12-10 09:01:28.499 Colts Fandom[9118:733722] Unlimited access to network resources
2014-12-10 09:01:28.503 Colts Fandom[9118:733722] 

Started backup to iCloud! Please be careful.
Your application might rejected by Apple if you store too much data.
For more information please read "iOS Data Storage Guidelines"
You could find it at the following address https://developer.apple.com/icloud/documentation/data-storage/ .

2014-12-10 09:01:28.805 Colts Fandom[9118:733722] Resetting plugins due to page load.
2014-12-10 09:01:28.880 Colts Fandom[9118:733722] Finished load of: file:///Users/bradylewis/Library/Developer/CoreSimulator/Devices/3FCF9804-2E14-44D6-9848-0B833C7BCF83/data/Containers/Bundle/Application/28E60E84-E6A7-4A7D-B7E4-033BBCAECAE3/Colts%20Fandom.app/www/index.html
2014-12-10 09:02:23.468 Colts Fandom[9239:734668] DiskCookieStorage changing policy from 2 to 0, cookie file: file:///Users/bradylewis/Library/Developer/CoreSimulator/Devices/3FCF9804-2E14-44D6-9848-0B833C7BCF83/data/Containers/Data/Application/20827610-3287-41D4-A758-012D469AA6C9/Library/Cookies/Cookies.binarycookies
2014-12-10 09:02:23.545 Colts Fandom[9239:734668] Multi-tasking -> Device: YES, App: YES
2014-12-10 09:02:23.553 Colts Fandom[9239:734668] Unlimited access to network resources
2014-12-10 09:02:23.556 Colts Fandom[9239:734668] 

Started backup to iCloud! Please be careful.
Your application might rejected by Apple if you store too much data.
For more information please read "iOS Data Storage Guidelines"
You could find it at the following address https://developer.apple.com/icloud/documentation/data-storage/ .

2014-12-10 09:02:23.778 Colts Fandom[9239:734668] Resetting plugins due to page load.
2014-12-10 09:02:23.829 Colts Fandom[9239:734668] Finished load of: file:///Users/bradylewis/Library/Developer/CoreSimulator/Devices/3FCF9804-2E14-44D6-9848-0B833C7BCF83/data/Containers/Bundle/Application/7022F6C4-74F6-4B03-A6FC-3A3EDE4F8A52/Colts%20Fandom.app/www/index.html
2014-12-10 09:02:28.046 Colts Fandom[9239:734668] Resetting plugins due to page load.
2014-12-10 09:02:28.052 Colts Fandom[9239:734668] Failed to load webpage with error: The requested URL was not found on this server.
2014-12-10 09:02:29.244 Colts Fandom[9239:734668] Resetting plugins due to page load.
2014-12-10 09:02:29.246 Colts Fandom[9239:734668] Failed to load webpage with error: The requested URL was not found on this server.
2014-12-10 09:02:30.812 Colts Fandom[9239:734668] Resetting plugins due to page load.
2014-12-10 09:02:30.813 Colts Fandom[9239:734668] Failed to load webpage with error: The requested URL was not found on this server.
2014-12-10 09:09:17.541 Colts Fandom[9370:737853] DiskCookieStorage changing policy from 2 to 0, cookie file: file:///Users/bradylewis/Library/Developer/CoreSimulator/Devices/3FCF9804-2E14-44D6-9848-0B833C7BCF83/data/Containers/Data/Application/288D4856-7646-4956-8874-65F3907E461C/Library/Cookies/Cookies.binarycookies
2014-12-10 09:09:17.613 Colts Fandom[9370:737853] Multi-tasking -> Device: YES, App: YES
2014-12-10 09:09:17.619 Colts Fandom[9370:737853] Unlimited access to network resources
2014-12-10 09:09:17.622 Colts Fandom[9370:737853] 

Started backup to iCloud! Please be careful.
Your application might rejected by Apple if you store too much data.
For more information please read "iOS Data Storage Guidelines"
You could find it at the following address https://developer.apple.com/icloud/documentation/data-storage/ .

2014-12-10 09:09:17.863 Colts Fandom[9370:737853] Resetting plugins due to page load.
2014-12-10 09:09:17.918 Colts Fandom[9370:737853] Finished load of: file:///Users/bradylewis/Library/Developer/CoreSimulator/Devices/3FCF9804-2E14-44D6-9848-0B833C7BCF83/data/Containers/Bundle/Application/F06157CC-94CC-46AD-A924-BC0F4EAFBCC4/Colts%20Fandom.app/www/index.html
2014-12-10 09:10:27.198 Colts Fandom[9499:738919] DiskCookieStorage changing policy from 2 to 0, cookie file: file:///Users/bradylewis/Library/Developer/CoreSimulator/Devices/3FCF9804-2E14-44D6-9848-0B833C7BCF83/data/Containers/Data/Application/647F8C6E-2FBF-4558-8339-C073C82C76B5/Library/Cookies/Cookies.binarycookies
2014-12-10 09:10:27.302 Colts Fandom[9499:738919] Multi-tasking -> Device: YES, App: YES
2014-12-10 09:10:27.311 Colts Fandom[9499:738919] Unlimited access to network resources
2014-12-10 09:10:27.315 Colts Fandom[9499:738919] 

Started backup to iCloud! Please be careful.
Your application might rejected by Apple if you store too much data.
For more information please read "iOS Data Storage Guidelines"
You could find it at the following address https://developer.apple.com/icloud/documentation/data-storage/ .

2014-12-10 09:10:27.555 Colts Fandom[9499:738919] Resetting plugins due to page load.
2014-12-10 09:10:27.607 Colts Fandom[9499:738919] Finished load of: file:///Users/bradylewis/Library/Developer/CoreSimulator/Devices/3FCF9804-2E14-44D6-9848-0B833C7BCF83/data/Containers/Bundle/Application/7F69FE43-B982-4DAD-90A1-4AD7ED162407/Colts%20Fandom.app/www/index.html
2014-12-10 09:13:19.573 Colts Fandom[9634:740762] DiskCookieStorage changing policy from 2 to 0, cookie file: file:///Users/bradylewis/Library/Developer/CoreSimulator/Devices/3FCF9804-2E14-44D6-9848-0B833C7BCF83/data/Containers/Data/Application/A3E96E56-6996-4831-A54C-DF80ED1996F6/Library/Cookies/Cookies.binarycookies
2014-12-10 09:13:19.726 Colts Fandom[9634:740762] Multi-tasking -> Device: YES, App: YES
2014-12-10 09:13:19.734 Colts Fandom[9634:740762] Unlimited access to network resources
2014-12-10 09:13:19.737 Colts Fandom[9634:740762] 

Started backup to iCloud! Please be careful.
Your application might rejected by Apple if you store too much data.
For more information please read "iOS Data Storage Guidelines"
You could find it at the following address https://developer.apple.com/icloud/documentation/data-storage/ .

2014-12-10 09:13:20.042 Colts Fandom[9634:740762] Resetting plugins due to page load.
2014-12-10 09:13:20.106 Colts Fandom[9634:740762] Finished load of: file:///Users/bradylewis/Library/Developer/CoreSimulator/Devices/3FCF9804-2E14-44D6-9848-0B833C7BCF83/data/Containers/Bundle/Application/A57D5B8E-466C-47ED-9D0D-2BD1BC5D537E/Colts%20Fandom.app/www/index.html
2014-12-10 09:32:29.245 Colts Fandom[9839:748965] DiskCookieStorage changing policy from 2 to 0, cookie file: file:///Users/bradylewis/Library/Developer/CoreSimulator/Devices/3FCF9804-2E14-44D6-9848-0B833C7BCF83/data/Containers/Data/Application/6DDF40CE-CB6A-4256-A4CE-AFD95617CA83/Library/Cookies/Cookies.binarycookies
2014-12-10 09:32:29.300 Colts Fandom[9839:748965] Multi-tasking -> Device: YES, App: YES
2014-12-10 09:32:29.306 Colts Fandom[9839:748965] Unlimited access to network resources
2014-12-10 09:32:29.308 Colts Fandom[9839:748965] 

Started backup to iCloud! Please be careful.
Your application might rejected by Apple if you store too much data.
For more information please read "iOS Data Storage Guidelines"
You could find it at the following address https://developer.apple.com/icloud/documentation/data-storage/ .

2014-12-10 09:32:29.518 Colts Fandom[9839:748965] Resetting plugins due to page load.
2014-12-10 09:32:29.570 Colts Fandom[9839:748965] Finished load of: file:///Users/bradylewis/Library/Developer/CoreSimulator/Devices/3FCF9804-2E14-44D6-9848-0B833C7BCF83/data/Containers/Bundle/Application/3FE2B94B-A846-4612-BC92-89BD8940DBB5/Colts%20Fandom.app/www/index.html
2014-12-10 09:33:39.027 Colts Fandom[9963:749916] DiskCookieStorage changing policy from 2 to 0, cookie file: file:///Users/bradylewis/Library/Developer/CoreSimulator/Devices/3FCF9804-2E14-44D6-9848-0B833C7BCF83/data/Containers/Data/Application/80EFD621-0415-4E80-9F89-B0C76D98C3F0/Library/Cookies/Cookies.binarycookies
2014-12-10 09:33:39.122 Colts Fandom[9963:749916] Multi-tasking -> Device: YES, App: YES
2014-12-10 09:33:39.131 Colts Fandom[9963:749916] Unlimited access to network resources
2014-12-10 09:33:39.134 Colts Fandom[9963:749916] 

Started backup to iCloud! Please be careful.
Your application might rejected by Apple if you store too much data.
For more information please read "iOS Data Storage Guidelines"
You could find it at the following address https://developer.apple.com/icloud/documentation/data-storage/ .

2014-12-10 09:33:39.333 Colts Fandom[9963:749916] Resetting plugins due to page load.
2014-12-10 09:33:39.382 Colts Fandom[9963:749916] Finished load of: file:///Users/bradylewis/Library/Developer/CoreSimulator/Devices/3FCF9804-2E14-44D6-9848-0B833C7BCF83/data/Containers/Bundle/Application/626103FD-27B2-413C-AFE5-277952D96075/Colts%20Fandom.app/www/index.html
2014-12-10 09:44:41.778 Colts Fandom[10156:755525] DiskCookieStorage changing policy from 2 to 0, cookie file: file:///Users/bradylewis/Library/Developer/CoreSimulator/Devices/3FCF9804-2E14-44D6-9848-0B833C7BCF83/data/Containers/Data/Application/17A02768-7F27-41EA-9846-878DFCA85519/Library/Cookies/Cookies.binarycookies
2014-12-10 09:44:41.840 Colts Fandom[10156:755525] Multi-tasking -> Device: YES, App: YES
2014-12-10 09:44:41.862 Colts Fandom[10156:755525] Unlimited access to network resources
2014-12-10 09:44:41.871 Colts Fandom[10156:755525] 

Started backup to iCloud! Please be careful.
Your application might rejected by Apple if you store too much data.
For more information please read "iOS Data Storage Guidelines"
You could find it at the following address https://developer.apple.com/icloud/documentation/data-storage/ .

2014-12-10 09:44:42.381 Colts Fandom[10156:755525] Resetting plugins due to page load.
2014-12-10 09:44:42.493 Colts Fandom[10156:755525] Finished load of: file:///Users/bradylewis/Library/Developer/CoreSimulator/Devices/3FCF9804-2E14-44D6-9848-0B833C7BCF83/data/Containers/Bundle/Application/49CEA09D-7DA4-4547-BB17-855F8D08E387/Colts%20Fandom.app/www/index.html
2014-12-10 09:47:54.623 Colts Fandom[10294:757392] DiskCookieStorage changing policy from 2 to 0, cookie file: file:///Users/bradylewis/Library/Developer/CoreSimulator/Devices/3FCF9804-2E14-44D6-9848-0B833C7BCF83/data/Containers/Data/Application/2A43213B-09C5-4BA7-A619-7CE84EAC6886/Library/Cookies/Cookies.binarycookies
2014-12-10 09:47:54.719 Colts Fandom[10294:757392] Multi-tasking -> Device: YES, App: YES
2014-12-10 09:47:54.730 Colts Fandom[10294:757392] Unlimited access to network resources
2014-12-10 09:47:54.733 Colts Fandom[10294:757392] 

Started backup to iCloud! Please be careful.
Your application might rejected by Apple if you store too much data.
For more information please read "iOS Data Storage Guidelines"
You could find it at the following address https://developer.apple.com/icloud/documentation/data-storage/ .

2014-12-10 09:47:54.942 Colts Fandom[10294:757392] Resetting plugins due to page load.
2014-12-10 09:47:55.005 Colts Fandom[10294:757392] Finished load of: file:///Users/bradylewis/Library/Developer/CoreSimulator/Devices/3FCF9804-2E14-44D6-9848-0B833C7BCF83/data/Containers/Bundle/Application/FB79F8FB-EB0E-42BE-BA62-04DCC5EBFA67/Colts%20Fandom.app/www/index.html
2014-12-10 09:48:47.692 Colts Fandom[10417:758286] DiskCookieStorage changing policy from 2 to 0, cookie file: file:///Users/bradylewis/Library/Developer/CoreSimulator/Devices/3FCF9804-2E14-44D6-9848-0B833C7BCF83/data/Containers/Data/Application/0915CDF4-3F3C-4057-8C4A-1CB25F343B3E/Library/Cookies/Cookies.binarycookies
2014-12-10 09:48:47.750 Colts Fandom[10417:758286] Multi-tasking -> Device: YES, App: YES
2014-12-10 09:48:47.756 Colts Fandom[10417:758286] Unlimited access to network resources
2014-12-10 09:48:47.759 Colts Fandom[10417:758286] 

Started backup to iCloud! Please be careful.
Your application might rejected by Apple if you store too much data.
For more information please read "iOS Data Storage Guidelines"
You could find it at the following address https://developer.apple.com/icloud/documentation/data-storage/ .

2014-12-10 09:48:47.943 Colts Fandom[10417:758286] Resetting plugins due to page load.
2014-12-10 09:48:48.011 Colts Fandom[10417:758286] Finished load of: file:///Users/bradylewis/Library/Developer/CoreSimulator/Devices/3FCF9804-2E14-44D6-9848-0B833C7BCF83/data/Containers/Bundle/Application/9983BAE4-BD65-4F32-AD96-EBDB38DEDFAA/Colts%20Fandom.app/www/index.html
2014-12-10 10:20:23.850 Colts Fandom[10614:768433] DiskCookieStorage changing policy from 2 to 0, cookie file: file:///Users/bradylewis/Library/Developer/CoreSimulator/Devices/3FCF9804-2E14-44D6-9848-0B833C7BCF83/data/Containers/Data/Application/D2EFDF8D-1B50-417D-A9F0-E4D59C5471CE/Library/Cookies/Cookies.binarycookies
2014-12-10 10:20:23.924 Colts Fandom[10614:768433] Multi-tasking -> Device: YES, App: YES
2014-12-10 10:20:23.933 Colts Fandom[10614:768433] Unlimited access to network resources
2014-12-10 10:20:23.936 Colts Fandom[10614:768433] 

Started backup to iCloud! Please be careful.
Your application might rejected by Apple if you store too much data.
For more information please read "iOS Data Storage Guidelines"
You could find it at the following address https://developer.apple.com/icloud/documentation/data-storage/ .

2014-12-10 10:20:24.190 Colts Fandom[10614:768433] Resetting plugins due to page load.
2014-12-10 10:20:24.238 Colts Fandom[10614:768433] Finished load of: file:///Users/bradylewis/Library/Developer/CoreSimulator/Devices/3FCF9804-2E14-44D6-9848-0B833C7BCF83/data/Containers/Bundle/Application/4BF219BF-6D9E-4235-8C9E-B66CA2B528A9/Colts%20Fandom.app/www/index.html
2014-12-10 10:20:25.832 Colts Fandom[10614:768433] Resetting plugins due to page load.
2014-12-10 10:20:25.847 Colts Fandom[10614:768433] Finished load of: file:///Users/bradylewis/Library/Developer/CoreSimulator/Devices/3FCF9804-2E14-44D6-9848-0B833C7BCF83/data/Containers/Bundle/Application/4BF219BF-6D9E-4235-8C9E-B66CA2B528A9/Colts%20Fandom.app/www/schedule.html
2014-12-10 10:21:33.019 Colts Fandom[10745:769484] DiskCookieStorage changing policy from 2 to 0, cookie file: file:///Users/bradylewis/Library/Developer/CoreSimulator/Devices/3FCF9804-2E14-44D6-9848-0B833C7BCF83/data/Containers/Data/Application/CA34C86B-070B-4F34-8310-7A8946EA4CA8/Library/Cookies/Cookies.binarycookies
2014-12-10 10:21:33.082 Colts Fandom[10745:769484] Multi-tasking -> Device: YES, App: YES
2014-12-10 10:21:33.087 Colts Fandom[10745:769484] Unlimited access to network resources
2014-12-10 10:21:33.090 Colts Fandom[10745:769484] 

Started backup to iCloud! Please be careful.
Your application might rejected by Apple if you store too much data.
For more information please read "iOS Data Storage Guidelines"
You could find it at the following address https://developer.apple.com/icloud/documentation/data-storage/ .

2014-12-10 10:21:33.307 Colts Fandom[10745:769484] Resetting plugins due to page load.
2014-12-10 10:21:33.367 Colts Fandom[10745:769484] Finished load of: file:///Users/bradylewis/Library/Developer/CoreSimulator/Devices/3FCF9804-2E14-44D6-9848-0B833C7BCF83/data/Containers/Bundle/Application/3D380800-DE4B-4C76-A167-0DE788B2792D/Colts%20Fandom.app/www/index.html
2014-12-10 10:21:38.400 Colts Fandom[10745:769484] Resetting plugins due to page load.
2014-12-10 10:21:38.424 Colts Fandom[10745:769484] Finished load of: file:///Users/bradylewis/Library/Developer/CoreSimulator/Devices/3FCF9804-2E14-44D6-9848-0B833C7BCF83/data/Containers/Bundle/Application/3D380800-DE4B-4C76-A167-0DE788B2792D/Colts%20Fandom.app/www/schedule.html
2014-12-10 10:22:05.197 Colts Fandom[10867:770214] DiskCookieStorage changing policy from 2 to 0, cookie file: file:///Users/bradylewis/Library/Developer/CoreSimulator/Devices/3FCF9804-2E14-44D6-9848-0B833C7BCF83/data/Containers/Data/Application/1205187A-F37D-43C3-B110-84FA56DD4BFE/Library/Cookies/Cookies.binarycookies
2014-12-10 10:22:05.273 Colts Fandom[10867:770214] Multi-tasking -> Device: YES, App: YES
2014-12-10 10:22:05.283 Colts Fandom[10867:770214] Unlimited access to network resources
2014-12-10 10:22:05.287 Colts Fandom[10867:770214] 

Started backup to iCloud! Please be careful.
Your application might rejected by Apple if you store too much data.
For more information please read "iOS Data Storage Guidelines"
You could find it at the following address https://developer.apple.com/icloud/documentation/data-storage/ .

2014-12-10 10:22:05.472 Colts Fandom[10867:770214] Resetting plugins due to page load.
2014-12-10 10:22:05.524 Colts Fandom[10867:770214] Finished load of: file:///Users/bradylewis/Library/Developer/CoreSimulator/Devices/3FCF9804-2E14-44D6-9848-0B833C7BCF83/data/Containers/Bundle/Application/3F8D341F-E67A-47F9-9EC6-F8854AE7958D/Colts%20Fandom.app/www/index.html
2014-12-10 10:22:10.184 Colts Fandom[10867:770214] Resetting plugins due to page load.
2014-12-10 10:22:10.217 Colts Fandom[10867:770214] Finished load of: file:///Users/bradylewis/Library/Developer/CoreSimulator/Devices/3FCF9804-2E14-44D6-9848-0B833C7BCF83/data/Containers/Bundle/Application/3F8D341F-E67A-47F9-9EC6-F8854AE7958D/Colts%20Fandom.app/www/schedule.html
2014-12-10 10:22:38.875 Colts Fandom[10867:770214] Resetting plugins due to page load.
2014-12-10 10:22:38.897 Colts Fandom[10867:770214] Finished load of: file:///Users/bradylewis/Library/Developer/CoreSimulator/Devices/3FCF9804-2E14-44D6-9848-0B833C7BCF83/data/Containers/Bundle/Application/3F8D341F-E67A-47F9-9EC6-F8854AE7958D/Colts%20Fandom.app/www/index.html
2014-12-10 10:22:40.313 Colts Fandom[10867:770214] Resetting plugins due to page load.
2014-12-10 10:22:40.333 Colts Fandom[10867:770214] Finished load of: file:///Users/bradylewis/Library/Developer/CoreSimulator/Devices/3FCF9804-2E14-44D6-9848-0B833C7BCF83/data/Containers/Bundle/Application/3F8D341F-E67A-47F9-9EC6-F8854AE7958D/Colts%20Fandom.app/www/schedule.html
2014-12-10 10:22:41.713 Colts Fandom[10867:770214] Resetting plugins due to page load.
2014-12-10 10:22:41.730 Colts Fandom[10867:770214] Finished load of: file:///Users/bradylewis/Library/Developer/CoreSimulator/Devices/3FCF9804-2E14-44D6-9848-0B833C7BCF83/data/Containers/Bundle/Application/3F8D341F-E67A-47F9-9EC6-F8854AE7958D/Colts%20Fandom.app/www/index.html
2014-12-10 10:22:45.576 Colts Fandom[10867:770214] Resetting plugins due to page load.
2014-12-10 10:22:45.588 Colts Fandom[10867:770214] Finished load of: file:///Users/bradylewis/Library/Developer/CoreSimulator/Devices/3FCF9804-2E14-44D6-9848-0B833C7BCF83/data/Containers/Bundle/Application/3F8D341F-E67A-47F9-9EC6-F8854AE7958D/Colts%20Fandom.app/www/schedule.html
2014-12-10 10:23:47.967 Colts Fandom[11000:771437] DiskCookieStorage changing policy from 2 to 0, cookie file: file:///Users/bradylewis/Library/Developer/CoreSimulator/Devices/3FCF9804-2E14-44D6-9848-0B833C7BCF83/data/Containers/Data/Application/93BA4FF9-7FD4-4A8C-8A63-E395705A7101/Library/Cookies/Cookies.binarycookies
2014-12-10 10:23:48.036 Colts Fandom[11000:771437] Multi-tasking -> Device: YES, App: YES
2014-12-10 10:23:48.042 Colts Fandom[11000:771437] Unlimited access to network resources
2014-12-10 10:23:48.045 Colts Fandom[11000:771437] 

Started backup to iCloud! Please be careful.
Your application might rejected by Apple if you store too much data.
For more information please read "iOS Data Storage Guidelines"
You could find it at the following address https://developer.apple.com/icloud/documentation/data-storage/ .

2014-12-10 10:23:48.270 Colts Fandom[11000:771437] Resetting plugins due to page load.
2014-12-10 10:23:48.324 Colts Fandom[11000:771437] Finished load of: file:///Users/bradylewis/Library/Developer/CoreSimulator/Devices/3FCF9804-2E14-44D6-9848-0B833C7BCF83/data/Containers/Bundle/Application/D2A99984-1C30-4353-8333-EF8A285B6955/Colts%20Fandom.app/www/index.html
2014-12-10 10:23:50.062 Colts Fandom[11000:771437] Resetting plugins due to page load.
2014-12-10 10:23:50.079 Colts Fandom[11000:771437] Finished load of: file:///Users/bradylewis/Library/Developer/CoreSimulator/Devices/3FCF9804-2E14-44D6-9848-0B833C7BCF83/data/Containers/Bundle/Application/D2A99984-1C30-4353-8333-EF8A285B6955/Colts%20Fandom.app/www/schedule.html
2014-12-10 10:25:35.464 Colts Fandom[11135:772964] DiskCookieStorage changing policy from 2 to 0, cookie file: file:///Users/bradylewis/Library/Developer/CoreSimulator/Devices/3FCF9804-2E14-44D6-9848-0B833C7BCF83/data/Containers/Data/Application/88A25D69-4CE9-40A4-8554-2E324C809C00/Library/Cookies/Cookies.binarycookies
2014-12-10 10:25:35.527 Colts Fandom[11135:772964] Multi-tasking -> Device: YES, App: YES
2014-12-10 10:25:35.544 Colts Fandom[11135:772964] Unlimited access to network resources
2014-12-10 10:25:35.547 Colts Fandom[11135:772964] 

Started backup to iCloud! Please be careful.
Your application might rejected by Apple if you store too much data.
For more information please read "iOS Data Storage Guidelines"
You could find it at the following address https://developer.apple.com/icloud/documentation/data-storage/ .

2014-12-10 10:25:35.809 Colts Fandom[11135:772964] Resetting plugins due to page load.
2014-12-10 10:25:35.883 Colts Fandom[11135:772964] Finished load of: file:///Users/bradylewis/Library/Developer/CoreSimulator/Devices/3FCF9804-2E14-44D6-9848-0B833C7BCF83/data/Containers/Bundle/Application/D32D6EA1-B28F-4C49-BF96-4EBF2AD39038/Colts%20Fandom.app/www/index.html
2014-12-10 10:25:37.613 Colts Fandom[11135:772964] Resetting plugins due to page load.
2014-12-10 10:25:37.627 Colts Fandom[11135:772964] Finished load of: file:///Users/bradylewis/Library/Developer/CoreSimulator/Devices/3FCF9804-2E14-44D6-9848-0B833C7BCF83/data/Containers/Bundle/Application/D32D6EA1-B28F-4C49-BF96-4EBF2AD39038/Colts%20Fandom.app/www/schedule.html
2014-12-10 10:29:32.365 Colts Fandom[11265:774925] DiskCookieStorage changing policy from 2 to 0, cookie file: file:///Users/bradylewis/Library/Developer/CoreSimulator/Devices/3FCF9804-2E14-44D6-9848-0B833C7BCF83/data/Containers/Data/Application/049FE8D1-A05C-4BDE-A6BB-8D80846398A7/Library/Cookies/Cookies.binarycookies
2014-12-10 10:29:32.429 Colts Fandom[11265:774925] Multi-tasking -> Device: YES, App: YES
2014-12-10 10:29:32.438 Colts Fandom[11265:774925] Unlimited access to network resources
2014-12-10 10:29:32.442 Colts Fandom[11265:774925] 

Started backup to iCloud! Please be careful.
Your application might rejected by Apple if you store too much data.
For more information please read "iOS Data Storage Guidelines"
You could find it at the following address https://developer.apple.com/icloud/documentation/data-storage/ .

2014-12-10 10:29:32.640 Colts Fandom[11265:774925] Resetting plugins due to page load.
2014-12-10 10:29:32.699 Colts Fandom[11265:774925] Finished load of: file:///Users/bradylewis/Library/Developer/CoreSimulator/Devices/3FCF9804-2E14-44D6-9848-0B833C7BCF83/data/Containers/Bundle/Application/5E5ED36B-163B-446A-A89D-2D6AD3E7E176/Colts%20Fandom.app/www/index.html
2014-12-10 10:31:47.664 Colts Fandom[11265:774925] Resetting plugins due to page load.
2014-12-10 10:31:47.689 Colts Fandom[11265:774925] Finished load of: file:///Users/bradylewis/Library/Developer/CoreSimulator/Devices/3FCF9804-2E14-44D6-9848-0B833C7BCF83/data/Containers/Bundle/Application/5E5ED36B-163B-446A-A89D-2D6AD3E7E176/Colts%20Fandom.app/www/schedule.html
2014-12-10 10:31:55.694 Colts Fandom[11265:774925] Resetting plugins due to page load.
2014-12-10 10:31:55.713 Colts Fandom[11265:774925] Finished load of: file:///Users/bradylewis/Library/Developer/CoreSimulator/Devices/3FCF9804-2E14-44D6-9848-0B833C7BCF83/data/Containers/Bundle/Application/5E5ED36B-163B-446A-A89D-2D6AD3E7E176/Colts%20Fandom.app/www/index.html
2014-12-10 10:31:56.805 Colts Fandom[11265:774925] Resetting plugins due to page load.
2014-12-10 10:31:56.819 Colts Fandom[11265:774925] Finished load of: file:///Users/bradylewis/Library/Developer/CoreSimulator/Devices/3FCF9804-2E14-44D6-9848-0B833C7BCF83/data/Containers/Bundle/Application/5E5ED36B-163B-446A-A89D-2D6AD3E7E176/Colts%20Fandom.app/www/schedule.html
2014-12-10 10:34:09.495 Colts Fandom[11411:777242] DiskCookieStorage changing policy from 2 to 0, cookie file: file:///Users/bradylewis/Library/Developer/CoreSimulator/Devices/3FCF9804-2E14-44D6-9848-0B833C7BCF83/data/Containers/Data/Application/F454D3B7-B566-40C3-9D0A-71EB4300AC9B/Library/Cookies/Cookies.binarycookies
2014-12-10 10:34:09.556 Colts Fandom[11411:777242] Multi-tasking -> Device: YES, App: YES
2014-12-10 10:34:09.565 Colts Fandom[11411:777242] Unlimited access to network resources
2014-12-10 10:34:09.568 Colts Fandom[11411:777242] 

Started backup to iCloud! Please be careful.
Your application might rejected by Apple if you store too much data.
For more information please read "iOS Data Storage Guidelines"
You could find it at the following address https://developer.apple.com/icloud/documentation/data-storage/ .

2014-12-10 10:34:09.764 Colts Fandom[11411:777242] Resetting plugins due to page load.
2014-12-10 10:34:09.838 Colts Fandom[11411:777242] Finished load of: file:///Users/bradylewis/Library/Developer/CoreSimulator/Devices/3FCF9804-2E14-44D6-9848-0B833C7BCF83/data/Containers/Bundle/Application/A401BF5B-D454-4A8A-905E-BF23E7BFDF55/Colts%20Fandom.app/www/index.html
2014-12-10 10:34:13.820 Colts Fandom[11411:777242] Resetting plugins due to page load.
2014-12-10 10:34:13.842 Colts Fandom[11411:777242] Finished load of: file:///Users/bradylewis/Library/Developer/CoreSimulator/Devices/3FCF9804-2E14-44D6-9848-0B833C7BCF83/data/Containers/Bundle/Application/A401BF5B-D454-4A8A-905E-BF23E7BFDF55/Colts%20Fandom.app/www/schedule.html
2014-12-10 10:34:20.836 Colts Fandom[11411:777242] Resetting plugins due to page load.
2014-12-10 10:34:20.848 Colts Fandom[11411:777242] Finished load of: file:///Users/bradylewis/Library/Developer/CoreSimulator/Devices/3FCF9804-2E14-44D6-9848-0B833C7BCF83/data/Containers/Bundle/Application/A401BF5B-D454-4A8A-905E-BF23E7BFDF55/Colts%20Fandom.app/www/index.html
2014-12-10 10:35:05.092 Colts Fandom[11411:777242] Resetting plugins due to page load.
2014-12-10 10:35:05.104 Colts Fandom[11411:777242] Failed to load webpage with error: The requested URL was not found on this server.
2014-12-10 10:35:06.239 Colts Fandom[11411:777242] Resetting plugins due to page load.
2014-12-10 10:35:06.240 Colts Fandom[11411:777242] Failed to load webpage with error: The requested URL was not found on this server.
2014-12-10 10:35:07.188 Colts Fandom[11411:777242] Resetting plugins due to page load.
2014-12-10 10:35:07.203 Colts Fandom[11411:777242] Finished load of: file:///Users/bradylewis/Library/Developer/CoreSimulator/Devices/3FCF9804-2E14-44D6-9848-0B833C7BCF83/data/Containers/Bundle/Application/A401BF5B-D454-4A8A-905E-BF23E7BFDF55/Colts%20Fandom.app/www/schedule.html
2014-12-10 10:35:10.044 Colts Fandom[11411:777242] Resetting plugins due to page load.
2014-12-10 10:35:10.056 Colts Fandom[11411:777242] Finished load of: file:///Users/bradylewis/Library/Developer/CoreSimulator/Devices/3FCF9804-2E14-44D6-9848-0B833C7BCF83/data/Containers/Bundle/Application/A401BF5B-D454-4A8A-905E-BF23E7BFDF55/Colts%20Fandom.app/www/index.html
2014-12-10 10:35:17.996 Colts Fandom[11411:777242] Resetting plugins due to page load.
2014-12-10 10:35:18.010 Colts Fandom[11411:777242] Finished load of: file:///Users/bradylewis/Library/Developer/CoreSimulator/Devices/3FCF9804-2E14-44D6-9848-0B833C7BCF83/data/Containers/Bundle/Application/A401BF5B-D454-4A8A-905E-BF23E7BFDF55/Colts%20Fandom.app/www/schedule.html
2014-12-10 10:35:22.036 Colts Fandom[11411:777242] Resetting plugins due to page load.
2014-12-10 10:35:22.048 Colts Fandom[11411:777242] Finished load of: file:///Users/bradylewis/Library/Developer/CoreSimulator/Devices/3FCF9804-2E14-44D6-9848-0B833C7BCF83/data/Containers/Bundle/Application/A401BF5B-D454-4A8A-905E-BF23E7BFDF55/Colts%20Fandom.app/www/index.html
2014-12-10 11:51:12.645 Colts Fandom[11819:803455] DiskCookieStorage changing policy from 2 to 0, cookie file: file:///Users/bradylewis/Library/Developer/CoreSimulator/Devices/3FCF9804-2E14-44D6-9848-0B833C7BCF83/data/Containers/Data/Application/263D9731-9923-42F3-96C2-ABEF0A685A6A/Library/Cookies/Cookies.binarycookies
2014-12-10 11:51:12.739 Colts Fandom[11819:803455] Multi-tasking -> Device: YES, App: YES
2014-12-10 11:51:12.766 Colts Fandom[11819:803455] Unlimited access to network resources
2014-12-10 11:51:12.777 Colts Fandom[11819:803455] 

Started backup to iCloud! Please be careful.
Your application might rejected by Apple if you store too much data.
For more information please read "iOS Data Storage Guidelines"
You could find it at the following address https://developer.apple.com/icloud/documentation/data-storage/ .

2014-12-10 11:51:13.449 Colts Fandom[11819:803455] Resetting plugins due to page load.
2014-12-10 11:51:13.572 Colts Fandom[11819:803455] Finished load of: file:///Users/bradylewis/Library/Developer/CoreSimulator/Devices/3FCF9804-2E14-44D6-9848-0B833C7BCF83/data/Containers/Bundle/Application/CBF0E54A-A3D5-42F3-9670-D2984BD4578F/Colts%20Fandom.app/www/index.html
2014-12-10 11:51:17.865 Colts Fandom[11819:803455] Resetting plugins due to page load.
2014-12-10 11:51:17.881 Colts Fandom[11819:803455] Finished load of: file:///Users/bradylewis/Library/Developer/CoreSimulator/Devices/3FCF9804-2E14-44D6-9848-0B833C7BCF83/data/Containers/Bundle/Application/CBF0E54A-A3D5-42F3-9670-D2984BD4578F/Colts%20Fandom.app/www/schedule.html
2014-12-10 12:00:52.501 Colts Fandom[11966:807164] DiskCookieStorage changing policy from 2 to 0, cookie file: file:///Users/bradylewis/Library/Developer/CoreSimulator/Devices/3FCF9804-2E14-44D6-9848-0B833C7BCF83/data/Containers/Data/Application/80515FE9-F261-48FF-968E-407520D2F302/Library/Cookies/Cookies.binarycookies
2014-12-10 12:00:52.593 Colts Fandom[11966:807164] Multi-tasking -> Device: YES, App: YES
2014-12-10 12:00:52.601 Colts Fandom[11966:807164] Unlimited access to network resources
2014-12-10 12:00:52.603 Colts Fandom[11966:807164] 

Started backup to iCloud! Please be careful.
Your application might rejected by Apple if you store too much data.
For more information please read "iOS Data Storage Guidelines"
You could find it at the following address https://developer.apple.com/icloud/documentation/data-storage/ .

2014-12-10 12:00:52.844 Colts Fandom[11966:807164] Resetting plugins due to page load.
2014-12-10 12:00:52.911 Colts Fandom[11966:807164] Finished load of: file:///Users/bradylewis/Library/Developer/CoreSimulator/Devices/3FCF9804-2E14-44D6-9848-0B833C7BCF83/data/Containers/Bundle/Application/45D1FC97-4F07-40AF-9C89-77E9A20401DC/Colts%20Fandom.app/www/index.html
2014-12-10 12:00:54.757 Colts Fandom[11966:807164] Resetting plugins due to page load.
2014-12-10 12:00:54.774 Colts Fandom[11966:807164] Finished load of: file:///Users/bradylewis/Library/Developer/CoreSimulator/Devices/3FCF9804-2E14-44D6-9848-0B833C7BCF83/data/Containers/Bundle/Application/45D1FC97-4F07-40AF-9C89-77E9A20401DC/Colts%20Fandom.app/www/schedule.html
2014-12-10 12:04:45.447 Colts Fandom[12116:809571] DiskCookieStorage changing policy from 2 to 0, cookie file: file:///Users/bradylewis/Library/Developer/CoreSimulator/Devices/3FCF9804-2E14-44D6-9848-0B833C7BCF83/data/Containers/Data/Application/79DB9E9B-A03A-4C60-884A-A8849B6DB5C4/Library/Cookies/Cookies.binarycookies
2014-12-10 12:04:45.564 Colts Fandom[12116:809571] Multi-tasking -> Device: YES, App: YES
2014-12-10 12:04:45.574 Colts Fandom[12116:809571] Unlimited access to network resources
2014-12-10 12:04:45.578 Colts Fandom[12116:809571] 

Started backup to iCloud! Please be careful.
Your application might rejected by Apple if you store too much data.
For more information please read "iOS Data Storage Guidelines"
You could find it at the following address https://developer.apple.com/icloud/documentation/data-storage/ .

2014-12-10 12:04:45.800 Colts Fandom[12116:809571] Resetting plugins due to page load.
2014-12-10 12:04:45.871 Colts Fandom[12116:809571] Finished load of: file:///Users/bradylewis/Library/Developer/CoreSimulator/Devices/3FCF9804-2E14-44D6-9848-0B833C7BCF83/data/Containers/Bundle/Application/1E8940F1-1CDE-4FDD-913E-0046DCF2C468/Colts%20Fandom.app/www/index.html
2014-12-10 12:04:47.530 Colts Fandom[12116:809571] Resetting plugins due to page load.
2014-12-10 12:04:47.549 Colts Fandom[12116:809571] Finished load of: file:///Users/bradylewis/Library/Developer/CoreSimulator/Devices/3FCF9804-2E14-44D6-9848-0B833C7BCF83/data/Containers/Bundle/Application/1E8940F1-1CDE-4FDD-913E-0046DCF2C468/Colts%20Fandom.app/www/schedule.html
2014-12-10 12:05:14.062 Colts Fandom[12116:809571] Resetting plugins due to page load.
2014-12-10 12:05:14.078 Colts Fandom[12116:809571] Finished load of: file:///Users/bradylewis/Library/Developer/CoreSimulator/Devices/3FCF9804-2E14-44D6-9848-0B833C7BCF83/data/Containers/Bundle/Application/1E8940F1-1CDE-4FDD-913E-0046DCF2C468/Colts%20Fandom.app/www/index.html
2014-12-10 12:05:15.175 Colts Fandom[12116:809571] Resetting plugins due to page load.
2014-12-10 12:05:15.191 Colts Fandom[12116:809571] Finished load of: file:///Users/bradylewis/Library/Developer/CoreSimulator/Devices/3FCF9804-2E14-44D6-9848-0B833C7BCF83/data/Containers/Bundle/Application/1E8940F1-1CDE-4FDD-913E-0046DCF2C468/Colts%20Fandom.app/www/schedule.html
2014-12-10 12:09:04.917 Colts Fandom[12263:811894] DiskCookieStorage changing policy from 2 to 0, cookie file: file:///Users/bradylewis/Library/Developer/CoreSimulator/Devices/3FCF9804-2E14-44D6-9848-0B833C7BCF83/data/Containers/Data/Application/A43C74C6-A650-44E1-81AC-F3CB9ECC94E6/Library/Cookies/Cookies.binarycookies
2014-12-10 12:09:05.008 Colts Fandom[12263:811894] Multi-tasking -> Device: YES, App: YES
2014-12-10 12:09:05.017 Colts Fandom[12263:811894] Unlimited access to network resources
2014-12-10 12:09:05.020 Colts Fandom[12263:811894] 

Started backup to iCloud! Please be careful.
Your application might rejected by Apple if you store too much data.
For more information please read "iOS Data Storage Guidelines"
You could find it at the following address https://developer.apple.com/icloud/documentation/data-storage/ .

2014-12-10 12:09:05.294 Colts Fandom[12263:811894] Resetting plugins due to page load.
2014-12-10 12:09:05.357 Colts Fandom[12263:811894] Finished load of: file:///Users/bradylewis/Library/Developer/CoreSimulator/Devices/3FCF9804-2E14-44D6-9848-0B833C7BCF83/data/Containers/Bundle/Application/186C5873-44E6-4507-9231-1D3FE57751AE/Colts%20Fandom.app/www/index.html
2014-12-10 12:09:06.658 Colts Fandom[12263:811894] Resetting plugins due to page load.
2014-12-10 12:09:06.674 Colts Fandom[12263:811894] Finished load of: file:///Users/bradylewis/Library/Developer/CoreSimulator/Devices/3FCF9804-2E14-44D6-9848-0B833C7BCF83/data/Containers/Bundle/Application/186C5873-44E6-4507-9231-1D3FE57751AE/Colts%20Fandom.app/www/schedule.html
2014-12-10 12:10:30.006 Colts Fandom[12399:813175] DiskCookieStorage changing policy from 2 to 0, cookie file: file:///Users/bradylewis/Library/Developer/CoreSimulator/Devices/3FCF9804-2E14-44D6-9848-0B833C7BCF83/data/Containers/Data/Application/38DE6E64-0B00-4233-9F39-5F8D9A23C5E0/Library/Cookies/Cookies.binarycookies
2014-12-10 12:10:30.085 Colts Fandom[12399:813175] Multi-tasking -> Device: YES, App: YES
2014-12-10 12:10:30.092 Colts Fandom[12399:813175] Unlimited access to network resources
2014-12-10 12:10:30.095 Colts Fandom[12399:813175] 

Started backup to iCloud! Please be careful.
Your application might rejected by Apple if you store too much data.
For more information please read "iOS Data Storage Guidelines"
You could find it at the following address https://developer.apple.com/icloud/documentation/data-storage/ .

2014-12-10 12:10:30.286 Colts Fandom[12399:813175] Resetting plugins due to page load.
2014-12-10 12:10:30.339 Colts Fandom[12399:813175] Finished load of: file:///Users/bradylewis/Library/Developer/CoreSimulator/Devices/3FCF9804-2E14-44D6-9848-0B833C7BCF83/data/Containers/Bundle/Application/7C0657E7-4D5E-4332-9591-84FC4647A6A8/Colts%20Fandom.app/www/index.html
2014-12-10 12:11:13.450 Colts Fandom[12399:813175] Resetting plugins due to page load.
2014-12-10 12:11:13.473 Colts Fandom[12399:813175] Finished load of: file:///Users/bradylewis/Library/Developer/CoreSimulator/Devices/3FCF9804-2E14-44D6-9848-0B833C7BCF83/data/Containers/Bundle/Application/7C0657E7-4D5E-4332-9591-84FC4647A6A8/Colts%20Fandom.app/www/schedule.html
2014-12-10 12:20:00.758 Colts Fandom[12588:817843] DiskCookieStorage changing policy from 2 to 0, cookie file: file:///Users/bradylewis/Library/Developer/CoreSimulator/Devices/3FCF9804-2E14-44D6-9848-0B833C7BCF83/data/Containers/Data/Application/0597D378-4D97-443A-B352-2A9F78A49574/Library/Cookies/Cookies.binarycookies
2014-12-10 12:20:00.823 Colts Fandom[12588:817843] Multi-tasking -> Device: YES, App: YES
2014-12-10 12:20:00.833 Colts Fandom[12588:817843] Unlimited access to network resources
2014-12-10 12:20:00.836 Colts Fandom[12588:817843] 

Started backup to iCloud! Please be careful.
Your application might rejected by Apple if you store too much data.
For more information please read "iOS Data Storage Guidelines"
You could find it at the following address https://developer.apple.com/icloud/documentation/data-storage/ .

2014-12-10 12:20:01.056 Colts Fandom[12588:817843] Resetting plugins due to page load.
2014-12-10 12:20:01.116 Colts Fandom[12588:817843] Finished load of: file:///Users/bradylewis/Library/Developer/CoreSimulator/Devices/3FCF9804-2E14-44D6-9848-0B833C7BCF83/data/Containers/Bundle/Application/2FADF1D7-7F17-4441-B7CA-5C0FC723F000/Colts%20Fandom.app/www/index.html
2014-12-10 12:20:03.039 Colts Fandom[12588:817843] Resetting plugins due to page load.
2014-12-10 12:20:03.059 Colts Fandom[12588:817843] Finished load of: file:///Users/bradylewis/Library/Developer/CoreSimulator/Devices/3FCF9804-2E14-44D6-9848-0B833C7BCF83/data/Containers/Bundle/Application/2FADF1D7-7F17-4441-B7CA-5C0FC723F000/Colts%20Fandom.app/www/schedule.html
2014-12-10 12:34:03.333 Colts Fandom[12769:823315] DiskCookieStorage changing policy from 2 to 0, cookie file: file:///Users/bradylewis/Library/Developer/CoreSimulator/Devices/3FCF9804-2E14-44D6-9848-0B833C7BCF83/data/Containers/Data/Application/4CC6B3F2-6F9C-4A2A-A52F-25BC63073FC4/Library/Cookies/Cookies.binarycookies
2014-12-10 12:34:03.420 Colts Fandom[12769:823315] Multi-tasking -> Device: YES, App: YES
2014-12-10 12:34:03.429 Colts Fandom[12769:823315] Unlimited access to network resources
2014-12-10 12:34:03.432 Colts Fandom[12769:823315] 

Started backup to iCloud! Please be careful.
Your application might rejected by Apple if you store too much data.
For more information please read "iOS Data Storage Guidelines"
You could find it at the following address https://developer.apple.com/icloud/documentation/data-storage/ .

2014-12-10 12:34:03.667 Colts Fandom[12769:823315] Resetting plugins due to page load.
2014-12-10 12:34:03.726 Colts Fandom[12769:823315] Finished load of: file:///Users/bradylewis/Library/Developer/CoreSimulator/Devices/3FCF9804-2E14-44D6-9848-0B833C7BCF83/data/Containers/Bundle/Application/BAE074D8-376E-4657-A3EB-2C5EDF402E7C/Colts%20Fandom.app/www/index.html
2014-12-10 12:34:05.633 Colts Fandom[12769:823315] Resetting plugins due to page load.
2014-12-10 12:34:05.654 Colts Fandom[12769:823315] Finished load of: file:///Users/bradylewis/Library/Developer/CoreSimulator/Devices/3FCF9804-2E14-44D6-9848-0B833C7BCF83/data/Containers/Bundle/Application/BAE074D8-376E-4657-A3EB-2C5EDF402E7C/Colts%20Fandom.app/www/schedule.html
2014-12-10 12:43:09.588 Colts Fandom[12924:827289] DiskCookieStorage changing policy from 2 to 0, cookie file: file:///Users/bradylewis/Library/Developer/CoreSimulator/Devices/3FCF9804-2E14-44D6-9848-0B833C7BCF83/data/Containers/Data/Application/3A5B13BB-1DE0-4EFA-8525-4F1381882918/Library/Cookies/Cookies.binarycookies
2014-12-10 12:43:09.770 Colts Fandom[12924:827289] Multi-tasking -> Device: YES, App: YES
2014-12-10 12:43:09.779 Colts Fandom[12924:827289] Unlimited access to network resources
2014-12-10 12:43:09.782 Colts Fandom[12924:827289] 

Started backup to iCloud! Please be careful.
Your application might rejected by Apple if you store too much data.
For more information please read "iOS Data Storage Guidelines"
You could find it at the following address https://developer.apple.com/icloud/documentation/data-storage/ .

2014-12-10 12:43:10.059 Colts Fandom[12924:827289] Resetting plugins due to page load.
2014-12-10 12:43:10.115 Colts Fandom[12924:827289] Finished load of: file:///Users/bradylewis/Library/Developer/CoreSimulator/Devices/3FCF9804-2E14-44D6-9848-0B833C7BCF83/data/Containers/Bundle/Application/8A3F01F5-893E-4081-8CEB-D963B4098699/Colts%20Fandom.app/www/index.html
2014-12-10 12:43:11.485 Colts Fandom[12924:827289] Resetting plugins due to page load.
2014-12-10 12:43:11.506 Colts Fandom[12924:827289] Finished load of: file:///Users/bradylewis/Library/Developer/CoreSimulator/Devices/3FCF9804-2E14-44D6-9848-0B833C7BCF83/data/Containers/Bundle/Application/8A3F01F5-893E-4081-8CEB-D963B4098699/Colts%20Fandom.app/www/schedule.html
2014-12-10 14:09:38.628 Colts Fandom[13177:855349] DiskCookieStorage changing policy from 2 to 0, cookie file: file:///Users/bradylewis/Library/Developer/CoreSimulator/Devices/3FCF9804-2E14-44D6-9848-0B833C7BCF83/data/Containers/Data/Application/DB9570BC-08FF-4453-9AF1-3539B371CA63/Library/Cookies/Cookies.binarycookies
2014-12-10 14:09:38.687 Colts Fandom[13177:855349] Multi-tasking -> Device: YES, App: YES
2014-12-10 14:09:38.695 Colts Fandom[13177:855349] Unlimited access to network resources
2014-12-10 14:09:38.699 Colts Fandom[13177:855349] 

Started backup to iCloud! Please be careful.
Your application might rejected by Apple if you store too much data.
For more information please read "iOS Data Storage Guidelines"
You could find it at the following address https://developer.apple.com/icloud/documentation/data-storage/ .

2014-12-10 14:09:38.932 Colts Fandom[13177:855349] Resetting plugins due to page load.
2014-12-10 14:09:39.000 Colts Fandom[13177:855349] Finished load of: file:///Users/bradylewis/Library/Developer/CoreSimulator/Devices/3FCF9804-2E14-44D6-9848-0B833C7BCF83/data/Containers/Bundle/Application/B153F250-A3B4-4CF0-BC77-3A5FCE60A380/Colts%20Fandom.app/www/index.html
2014-12-10 14:09:41.020 Colts Fandom[13177:855349] Resetting plugins due to page load.
2014-12-10 14:09:41.046 Colts Fandom[13177:855349] Finished load of: file:///Users/bradylewis/Library/Developer/CoreSimulator/Devices/3FCF9804-2E14-44D6-9848-0B833C7BCF83/data/Containers/Bundle/Application/B153F250-A3B4-4CF0-BC77-3A5FCE60A380/Colts%20Fandom.app/www/lineup.html
2014-12-10 14:14:04.293 Colts Fandom[13329:857487] DiskCookieStorage changing policy from 2 to 0, cookie file: file:///Users/bradylewis/Library/Developer/CoreSimulator/Devices/3FCF9804-2E14-44D6-9848-0B833C7BCF83/data/Containers/Data/Application/022433C4-6537-4331-998F-2817919C32FC/Library/Cookies/Cookies.binarycookies
2014-12-10 14:14:04.383 Colts Fandom[13329:857487] Multi-tasking -> Device: YES, App: YES
2014-12-10 14:14:04.391 Colts Fandom[13329:857487] Unlimited access to network resources
2014-12-10 14:14:04.395 Colts Fandom[13329:857487] 

Started backup to iCloud! Please be careful.
Your application might rejected by Apple if you store too much data.
For more information please read "iOS Data Storage Guidelines"
You could find it at the following address https://developer.apple.com/icloud/documentation/data-storage/ .

2014-12-10 14:14:04.616 Colts Fandom[13329:857487] Resetting plugins due to page load.
2014-12-10 14:14:04.665 Colts Fandom[13329:857487] Finished load of: file:///Users/bradylewis/Library/Developer/CoreSimulator/Devices/3FCF9804-2E14-44D6-9848-0B833C7BCF83/data/Containers/Bundle/Application/04DC2D3F-3DE6-4E9C-808C-6E78D1D58591/Colts%20Fandom.app/www/index.html
2014-12-10 14:14:10.576 Colts Fandom[13329:857487] Resetting plugins due to page load.
2014-12-10 14:14:10.590 Colts Fandom[13329:857487] Finished load of: file:///Users/bradylewis/Library/Developer/CoreSimulator/Devices/3FCF9804-2E14-44D6-9848-0B833C7BCF83/data/Containers/Bundle/Application/04DC2D3F-3DE6-4E9C-808C-6E78D1D58591/Colts%20Fandom.app/www/lineup.html
2014-12-10 14:15:26.168 Colts Fandom[13480:858764] DiskCookieStorage changing policy from 2 to 0, cookie file: file:///Users/bradylewis/Library/Developer/CoreSimulator/Devices/3FCF9804-2E14-44D6-9848-0B833C7BCF83/data/Containers/Data/Application/D7B30846-99D7-42CB-A3B1-CC4A79937666/Library/Cookies/Cookies.binarycookies
2014-12-10 14:15:26.256 Colts Fandom[13480:858764] Multi-tasking -> Device: YES, App: YES
2014-12-10 14:15:26.263 Colts Fandom[13480:858764] Unlimited access to network resources
2014-12-10 14:15:26.266 Colts Fandom[13480:858764] 

Started backup to iCloud! Please be careful.
Your application might rejected by Apple if you store too much data.
For more information please read "iOS Data Storage Guidelines"
You could find it at the following address https://developer.apple.com/icloud/documentation/data-storage/ .

2014-12-10 14:15:26.440 Colts Fandom[13480:858764] Resetting plugins due to page load.
2014-12-10 14:15:26.499 Colts Fandom[13480:858764] Finished load of: file:///Users/bradylewis/Library/Developer/CoreSimulator/Devices/3FCF9804-2E14-44D6-9848-0B833C7BCF83/data/Containers/Bundle/Application/20181797-8C78-4ADA-B8E6-3051339B011B/Colts%20Fandom.app/www/index.html
2014-12-10 14:15:28.298 Colts Fandom[13480:858764] Resetting plugins due to page load.
2014-12-10 14:15:28.320 Colts Fandom[13480:858764] Finished load of: file:///Users/bradylewis/Library/Developer/CoreSimulator/Devices/3FCF9804-2E14-44D6-9848-0B833C7BCF83/data/Containers/Bundle/Application/20181797-8C78-4ADA-B8E6-3051339B011B/Colts%20Fandom.app/www/lineup.html
2014-12-10 14:18:11.066 Colts Fandom[13636:860435] DiskCookieStorage changing policy from 2 to 0, cookie file: file:///Users/bradylewis/Library/Developer/CoreSimulator/Devices/3FCF9804-2E14-44D6-9848-0B833C7BCF83/data/Containers/Data/Application/C2CE7AEF-3D48-4CF8-ADF0-DDF9B70E4180/Library/Cookies/Cookies.binarycookies
2014-12-10 14:18:11.154 Colts Fandom[13636:860435] Multi-tasking -> Device: YES, App: YES
2014-12-10 14:18:11.163 Colts Fandom[13636:860435] Unlimited access to network resources
2014-12-10 14:18:11.167 Colts Fandom[13636:860435] 

Started backup to iCloud! Please be careful.
Your application might rejected by Apple if you store too much data.
For more information please read "iOS Data Storage Guidelines"
You could find it at the following address https://developer.apple.com/icloud/documentation/data-storage/ .

2014-12-10 14:18:11.361 Colts Fandom[13636:860435] Resetting plugins due to page load.
2014-12-10 14:18:11.418 Colts Fandom[13636:860435] Finished load of: file:///Users/bradylewis/Library/Developer/CoreSimulator/Devices/3FCF9804-2E14-44D6-9848-0B833C7BCF83/data/Containers/Bundle/Application/C1542A2B-74F9-4049-9A54-8BAB5CC9A3A7/Colts%20Fandom.app/www/index.html
2014-12-10 14:18:28.656 Colts Fandom[13636:860435] Resetting plugins due to page load.
2014-12-10 14:18:28.682 Colts Fandom[13636:860435] Finished load of: file:///Users/bradylewis/Library/Developer/CoreSimulator/Devices/3FCF9804-2E14-44D6-9848-0B833C7BCF83/data/Containers/Bundle/Application/C1542A2B-74F9-4049-9A54-8BAB5CC9A3A7/Colts%20Fandom.app/www/lineup.html
2014-12-10 17:14:19.251 Colts Fandom[13977:880722] DiskCookieStorage changing policy from 2 to 0, cookie file: file:///Users/bradylewis/Library/Developer/CoreSimulator/Devices/3FCF9804-2E14-44D6-9848-0B833C7BCF83/data/Containers/Data/Application/43BB8D25-DAC2-4AA3-BF8E-4F6718F448F2/Library/Cookies/Cookies.binarycookies
2014-12-10 17:14:19.331 Colts Fandom[13977:880722] Multi-tasking -> Device: YES, App: YES
2014-12-10 17:14:19.362 Colts Fandom[13977:880722] Unlimited access to network resources
2014-12-10 17:14:19.371 Colts Fandom[13977:880722] 

Started backup to iCloud! Please be careful.
Your application might rejected by Apple if you store too much data.
For more information please read "iOS Data Storage Guidelines"
You could find it at the following address https://developer.apple.com/icloud/documentation/data-storage/ .

2014-12-10 17:14:20.012 Colts Fandom[13977:880722] Resetting plugins due to page load.
2014-12-10 17:14:20.168 Colts Fandom[13977:880722] Finished load of: file:///Users/bradylewis/Library/Developer/CoreSimulator/Devices/3FCF9804-2E14-44D6-9848-0B833C7BCF83/data/Containers/Bundle/Application/47C204C9-C068-44C3-A13E-F29AC7B4D118/Colts%20Fandom.app/www/index.html
2014-12-10 17:14:22.994 Colts Fandom[13977:880722] Resetting plugins due to page load.
2014-12-10 17:14:23.111 Colts Fandom[13977:880722] Finished load of: file:///Users/bradylewis/Library/Developer/CoreSimulator/Devices/3FCF9804-2E14-44D6-9848-0B833C7BCF83/data/Containers/Bundle/Application/47C204C9-C068-44C3-A13E-F29AC7B4D118/Colts%20Fandom.app/www/photos.html
2014-12-10 17:19:15.602 Colts Fandom[14138:883196] DiskCookieStorage changing policy from 2 to 0, cookie file: file:///Users/bradylewis/Library/Developer/CoreSimulator/Devices/3FCF9804-2E14-44D6-9848-0B833C7BCF83/data/Containers/Data/Application/112C48AF-DB0F-4967-AC58-26CCAAAA71A2/Library/Cookies/Cookies.binarycookies
2014-12-10 17:19:15.665 Colts Fandom[14138:883196] Multi-tasking -> Device: YES, App: YES
2014-12-10 17:19:15.674 Colts Fandom[14138:883196] Unlimited access to network resources
2014-12-10 17:19:15.678 Colts Fandom[14138:883196] 

Started backup to iCloud! Please be careful.
Your application might rejected by Apple if you store too much data.
For more information please read "iOS Data Storage Guidelines"
You could find it at the following address https://developer.apple.com/icloud/documentation/data-storage/ .

2014-12-10 17:19:15.943 Colts Fandom[14138:883196] Resetting plugins due to page load.
2014-12-10 17:19:16.007 Colts Fandom[14138:883196] Finished load of: file:///Users/bradylewis/Library/Developer/CoreSimulator/Devices/3FCF9804-2E14-44D6-9848-0B833C7BCF83/data/Containers/Bundle/Application/86D78ADA-588D-4B0D-8FF8-B3A666C104D9/Colts%20Fandom.app/www/index.html
2014-12-10 17:19:20.166 Colts Fandom[14138:883196] Resetting plugins due to page load.
2014-12-10 17:19:20.202 Colts Fandom[14138:883196] Finished load of: file:///Users/bradylewis/Library/Developer/CoreSimulator/Devices/3FCF9804-2E14-44D6-9848-0B833C7BCF83/data/Containers/Bundle/Application/86D78ADA-588D-4B0D-8FF8-B3A666C104D9/Colts%20Fandom.app/www/photos.html
2014-12-10 17:20:24.436 Colts Fandom[14294:884340] DiskCookieStorage changing policy from 2 to 0, cookie file: file:///Users/bradylewis/Library/Developer/CoreSimulator/Devices/3FCF9804-2E14-44D6-9848-0B833C7BCF83/data/Containers/Data/Application/1DD644F0-64D0-4861-ADFE-C249ADF98098/Library/Cookies/Cookies.binarycookies
2014-12-10 17:20:24.685 Colts Fandom[14294:884340] Multi-tasking -> Device: YES, App: YES
2014-12-10 17:20:24.692 Colts Fandom[14294:884340] Unlimited access to network resources
2014-12-10 17:20:24.695 Colts Fandom[14294:884340] 

Started backup to iCloud! Please be careful.
Your application might rejected by Apple if you store too much data.
For more information please read "iOS Data Storage Guidelines"
You could find it at the following address https://developer.apple.com/icloud/documentation/data-storage/ .

2014-12-10 17:20:24.965 Colts Fandom[14294:884340] Resetting plugins due to page load.
2014-12-10 17:20:25.023 Colts Fandom[14294:884340] Finished load of: file:///Users/bradylewis/Library/Developer/CoreSimulator/Devices/3FCF9804-2E14-44D6-9848-0B833C7BCF83/data/Containers/Bundle/Application/3DEB6316-4FE5-4F5B-BC23-D0CC6970C2EE/Colts%20Fandom.app/www/index.html
2014-12-10 17:20:27.405 Colts Fandom[14294:884340] Resetting plugins due to page load.
2014-12-10 17:20:27.492 Colts Fandom[14294:884340] Finished load of: file:///Users/bradylewis/Library/Developer/CoreSimulator/Devices/3FCF9804-2E14-44D6-9848-0B833C7BCF83/data/Containers/Bundle/Application/3DEB6316-4FE5-4F5B-BC23-D0CC6970C2EE/Colts%20Fandom.app/www/photos.html
2014-12-10 17:21:45.259 Colts Fandom[14453:885636] DiskCookieStorage changing policy from 2 to 0, cookie file: file:///Users/bradylewis/Library/Developer/CoreSimulator/Devices/3FCF9804-2E14-44D6-9848-0B833C7BCF83/data/Containers/Data/Application/45EFC28E-E9B3-4CFF-8E6E-8DEAB7B10480/Library/Cookies/Cookies.binarycookies
2014-12-10 17:21:45.331 Colts Fandom[14453:885636] Multi-tasking -> Device: YES, App: YES
2014-12-10 17:21:45.338 Colts Fandom[14453:885636] Unlimited access to network resources
2014-12-10 17:21:45.341 Colts Fandom[14453:885636] 

Started backup to iCloud! Please be careful.
Your application might rejected by Apple if you store too much data.
For more information please read "iOS Data Storage Guidelines"
You could find it at the following address https://developer.apple.com/icloud/documentation/data-storage/ .

2014-12-10 17:21:45.543 Colts Fandom[14453:885636] Resetting plugins due to page load.
2014-12-10 17:21:45.602 Colts Fandom[14453:885636] Finished load of: file:///Users/bradylewis/Library/Developer/CoreSimulator/Devices/3FCF9804-2E14-44D6-9848-0B833C7BCF83/data/Containers/Bundle/Application/9E7526BB-B575-4D56-B9C6-763D59DB976C/Colts%20Fandom.app/www/index.html
2014-12-10 17:21:57.990 Colts Fandom[14453:885636] Resetting plugins due to page load.
2014-12-10 17:21:58.046 Colts Fandom[14453:885636] Finished load of: file:///Users/bradylewis/Library/Developer/CoreSimulator/Devices/3FCF9804-2E14-44D6-9848-0B833C7BCF83/data/Containers/Bundle/Application/9E7526BB-B575-4D56-B9C6-763D59DB976C/Colts%20Fandom.app/www/photos.html
2014-12-10 17:52:00.360 Colts Fandom[14670:895974] DiskCookieStorage changing policy from 2 to 0, cookie file: file:///Users/bradylewis/Library/Developer/CoreSimulator/Devices/3FCF9804-2E14-44D6-9848-0B833C7BCF83/data/Containers/Data/Application/6738A010-8830-49DD-A96D-88F2E7C2B985/Library/Cookies/Cookies.binarycookies
2014-12-10 17:52:00.441 Colts Fandom[14670:895974] Multi-tasking -> Device: YES, App: YES
2014-12-10 17:52:00.466 Colts Fandom[14670:895974] Unlimited access to network resources
2014-12-10 17:52:00.475 Colts Fandom[14670:895974] 

Started backup to iCloud! Please be careful.
Your application might rejected by Apple if you store too much data.
For more information please read "iOS Data Storage Guidelines"
You could find it at the following address https://developer.apple.com/icloud/documentation/data-storage/ .

2014-12-10 17:52:01.273 Colts Fandom[14670:895974] Resetting plugins due to page load.
2014-12-10 17:52:01.444 Colts Fandom[14670:895974] Finished load of: file:///Users/bradylewis/Library/Developer/CoreSimulator/Devices/3FCF9804-2E14-44D6-9848-0B833C7BCF83/data/Containers/Bundle/Application/B2203AA6-D99F-4D0B-9F5F-824967D1949F/Colts%20Fandom.app/www/index.html
2014-12-10 17:52:03.293 Colts Fandom[14670:895974] Resetting plugins due to page load.
2014-12-10 17:52:03.417 Colts Fandom[14670:895974] Finished load of: file:///Users/bradylewis/Library/Developer/CoreSimulator/Devices/3FCF9804-2E14-44D6-9848-0B833C7BCF83/data/Containers/Bundle/Application/B2203AA6-D99F-4D0B-9F5F-824967D1949F/Colts%20Fandom.app/www/photos.html
2014-12-10 18:04:12.166 Colts Fandom[14869:901188] DiskCookieStorage changing policy from 2 to 0, cookie file: file:///Users/bradylewis/Library/Developer/CoreSimulator/Devices/3FCF9804-2E14-44D6-9848-0B833C7BCF83/data/Containers/Data/Application/F034D72A-9292-4DD0-A770-F29D84520EA8/Library/Cookies/Cookies.binarycookies
2014-12-10 18:04:12.246 Colts Fandom[14869:901188] Multi-tasking -> Device: YES, App: YES
2014-12-10 18:04:12.273 Colts Fandom[14869:901188] Unlimited access to network resources
2014-12-10 18:04:12.277 Colts Fandom[14869:901188] 

Started backup to iCloud! Please be careful.
Your application might rejected by Apple if you store too much data.
For more information please read "iOS Data Storage Guidelines"
You could find it at the following address https://developer.apple.com/icloud/documentation/data-storage/ .

2014-12-10 18:04:12.490 Colts Fandom[14869:901188] Resetting plugins due to page load.
2014-12-10 18:04:12.551 Colts Fandom[14869:901188] Finished load of: file:///Users/bradylewis/Library/Developer/CoreSimulator/Devices/3FCF9804-2E14-44D6-9848-0B833C7BCF83/data/Containers/Bundle/Application/408806FF-9D1B-48D0-9348-ACF47AE91E73/Colts%20Fandom.app/www/index.html
2014-12-10 18:04:14.617 Colts Fandom[14869:901188] Resetting plugins due to page load.
2014-12-10 18:04:14.664 Colts Fandom[14869:901188] Finished load of: file:///Users/bradylewis/Library/Developer/CoreSimulator/Devices/3FCF9804-2E14-44D6-9848-0B833C7BCF83/data/Containers/Bundle/Application/408806FF-9D1B-48D0-9348-ACF47AE91E73/Colts%20Fandom.app/www/photos.html
2014-12-10 18:04:34.249 Colts Fandom[14869:901188] Resetting plugins due to page load.
2014-12-10 18:04:34.276 Colts Fandom[14869:901188] Finished load of: file:///Users/bradylewis/Library/Developer/CoreSimulator/Devices/3FCF9804-2E14-44D6-9848-0B833C7BCF83/data/Containers/Bundle/Application/408806FF-9D1B-48D0-9348-ACF47AE91E73/Colts%20Fandom.app/www/index.html
2014-12-10 18:04:35.361 Colts Fandom[14869:901188] Resetting plugins due to page load.
2014-12-10 18:04:35.398 Colts Fandom[14869:901188] Finished load of: file:///Users/bradylewis/Library/Developer/CoreSimulator/Devices/3FCF9804-2E14-44D6-9848-0B833C7BCF83/data/Containers/Bundle/Application/408806FF-9D1B-48D0-9348-ACF47AE91E73/Colts%20Fandom.app/www/schedule.html
2014-12-10 18:04:38.968 Colts Fandom[14869:901188] Resetting plugins due to page load.
2014-12-10 18:04:38.992 Colts Fandom[14869:901188] Finished load of: file:///Users/bradylewis/Library/Developer/CoreSimulator/Devices/3FCF9804-2E14-44D6-9848-0B833C7BCF83/data/Containers/Bundle/Application/408806FF-9D1B-48D0-9348-ACF47AE91E73/Colts%20Fandom.app/www/index.html
2014-12-10 18:04:40.040 Colts Fandom[14869:901188] Resetting plugins due to page load.
2014-12-10 18:04:40.073 Colts Fandom[14869:901188] Finished load of: file:///Users/bradylewis/Library/Developer/CoreSimulator/Devices/3FCF9804-2E14-44D6-9848-0B833C7BCF83/data/Containers/Bundle/Application/408806FF-9D1B-48D0-9348-ACF47AE91E73/Colts%20Fandom.app/www/lineup.html
2014-12-10 18:04:42.712 Colts Fandom[14869:901188] Resetting plugins due to page load.
2014-12-10 18:04:42.725 Colts Fandom[14869:901188] Finished load of: file:///Users/bradylewis/Library/Developer/CoreSimulator/Devices/3FCF9804-2E14-44D6-9848-0B833C7BCF83/data/Containers/Bundle/Application/408806FF-9D1B-48D0-9348-ACF47AE91E73/Colts%20Fandom.app/www/index.html
2014-12-10 18:04:44.681 Colts Fandom[14869:901188] Resetting plugins due to page load.
2014-12-10 18:04:44.706 Colts Fandom[14869:901188] Finished load of: file:///Users/bradylewis/Library/Developer/CoreSimulator/Devices/3FCF9804-2E14-44D6-9848-0B833C7BCF83/data/Containers/Bundle/Application/408806FF-9D1B-48D0-9348-ACF47AE91E73/Colts%20Fandom.app/www/photos.html
2014-12-10 18:04:47.135 Colts Fandom[14869:901188] Resetting plugins due to page load.
2014-12-10 18:04:47.149 Colts Fandom[14869:901188] Finished load of: file:///Users/bradylewis/Library/Developer/CoreSimulator/Devices/3FCF9804-2E14-44D6-9848-0B833C7BCF83/data/Containers/Bundle/Application/408806FF-9D1B-48D0-9348-ACF47AE91E73/Colts%20Fandom.app/www/index.html
2014-12-10 18:05:52.968 Colts Fandom[14869:901188] Resetting plugins due to page load.
2014-12-10 18:05:52.998 Colts Fandom[14869:901188] Finished load of: file:///Users/bradylewis/Library/Developer/CoreSimulator/Devices/3FCF9804-2E14-44D6-9848-0B833C7BCF83/data/Containers/Bundle/Application/408806FF-9D1B-48D0-9348-ACF47AE91E73/Colts%20Fandom.app/www/schedule.html
2014-12-10 18:06:02.479 Colts Fandom[14869:901188] Resetting plugins due to page load.
2014-12-10 18:06:02.490 Colts Fandom[14869:901188] Finished load of: file:///Users/bradylewis/Library/Developer/CoreSimulator/Devices/3FCF9804-2E14-44D6-9848-0B833C7BCF83/data/Containers/Bundle/Application/408806FF-9D1B-48D0-9348-ACF47AE91E73/Colts%20Fandom.app/www/index.html
2014-12-10 18:06:03.664 Colts Fandom[14869:901188] Resetting plugins due to page load.
2014-12-10 18:06:03.677 Colts Fandom[14869:901188] Finished load of: file:///Users/bradylewis/Library/Developer/CoreSimulator/Devices/3FCF9804-2E14-44D6-9848-0B833C7BCF83/data/Containers/Bundle/Application/408806FF-9D1B-48D0-9348-ACF47AE91E73/Colts%20Fandom.app/www/lineup.html
2014-12-10 18:06:08.207 Colts Fandom[14869:901188] Resetting plugins due to page load.
2014-12-10 18:06:08.217 Colts Fandom[14869:901188] Finished load of: file:///Users/bradylewis/Library/Developer/CoreSimulator/Devices/3FCF9804-2E14-44D6-9848-0B833C7BCF83/data/Containers/Bundle/Application/408806FF-9D1B-48D0-9348-ACF47AE91E73/Colts%20Fandom.app/www/index.html
2014-12-10 18:06:09.465 Colts Fandom[14869:901188] Resetting plugins due to page load.
2014-12-10 18:06:09.491 Colts Fandom[14869:901188] Finished load of: file:///Users/bradylewis/Library/Developer/CoreSimulator/Devices/3FCF9804-2E14-44D6-9848-0B833C7BCF83/data/Containers/Bundle/Application/408806FF-9D1B-48D0-9348-ACF47AE91E73/Colts%20Fandom.app/www/photos.html
2014-12-10 18:06:18.615 Colts Fandom[14869:901188] Resetting plugins due to page load.
2014-12-10 18:06:18.629 Colts Fandom[14869:901188] Finished load of: file:///Users/bradylewis/Library/Developer/CoreSimulator/Devices/3FCF9804-2E14-44D6-9848-0B833C7BCF83/data/Containers/Bundle/Application/408806FF-9D1B-48D0-9348-ACF47AE91E73/Colts%20Fandom.app/www/index.html
2014-12-11 19:15:37.150 Colts Fandom[15439:933764] DiskCookieStorage changing policy from 2 to 0, cookie file: file:///Users/bradylewis/Library/Developer/CoreSimulator/Devices/3FCF9804-2E14-44D6-9848-0B833C7BCF83/data/Containers/Data/Application/D1CDFFB5-0F42-49BF-BAFB-4EECBE2DC3E4/Library/Cookies/Cookies.binarycookies
2014-12-11 19:15:37.238 Colts Fandom[15439:933764] Multi-tasking -> Device: YES, App: YES
2014-12-11 19:15:37.261 Colts Fandom[15439:933764] Unlimited access to network resources
2014-12-11 19:15:37.268 Colts Fandom[15439:933764] 

Started backup to iCloud! Please be careful.
Your application might rejected by Apple if you store too much data.
For more information please read "iOS Data Storage Guidelines"
You could find it at the following address https://developer.apple.com/icloud/documentation/data-storage/ .

2014-12-11 19:15:37.733 Colts Fandom[15439:933764] Resetting plugins due to page load.
2014-12-11 19:15:37.857 Colts Fandom[15439:933764] Finished load of: file:///Users/bradylewis/Library/Developer/CoreSimulator/Devices/3FCF9804-2E14-44D6-9848-0B833C7BCF83/data/Containers/Bundle/Application/D937D6FA-8CD9-42B8-A559-4536FD9D4D19/Colts%20Fandom.app/www/index.html
2014-12-11 19:15:41.009 Colts Fandom[15439:933764] Resetting plugins due to page load.
2014-12-11 19:15:41.024 Colts Fandom[15439:933764] Finished load of: file:///Users/bradylewis/Library/Developer/CoreSimulator/Devices/3FCF9804-2E14-44D6-9848-0B833C7BCF83/data/Containers/Bundle/Application/D937D6FA-8CD9-42B8-A559-4536FD9D4D19/Colts%20Fandom.app/www/quiz.html
2014-12-11 19:18:04.783 Colts Fandom[17889:938028] DiskCookieStorage changing policy from 2 to 0, cookie file: file:///Users/bradylewis/Library/Developer/CoreSimulator/Devices/3FCF9804-2E14-44D6-9848-0B833C7BCF83/data/Containers/Data/Application/ECEFA066-3CF3-42BA-952B-C2C7D582908D/Library/Cookies/Cookies.binarycookies
2014-12-11 19:18:04.874 Colts Fandom[17889:938028] Multi-tasking -> Device: YES, App: YES
2014-12-11 19:18:04.883 Colts Fandom[17889:938028] Unlimited access to network resources
2014-12-11 19:18:04.886 Colts Fandom[17889:938028] 

Started backup to iCloud! Please be careful.
Your application might rejected by Apple if you store too much data.
For more information please read "iOS Data Storage Guidelines"
You could find it at the following address https://developer.apple.com/icloud/documentation/data-storage/ .

2014-12-11 19:18:05.106 Colts Fandom[17889:938028] Resetting plugins due to page load.
2014-12-11 19:18:05.160 Colts Fandom[17889:938028] Finished load of: file:///Users/bradylewis/Library/Developer/CoreSimulator/Devices/3FCF9804-2E14-44D6-9848-0B833C7BCF83/data/Containers/Bundle/Application/35291B59-FC13-48C9-9CBF-F737A4EED931/Colts%20Fandom.app/www/index.html
2014-12-11 19:18:08.098 Colts Fandom[17889:938028] Resetting plugins due to page load.
2014-12-11 19:18:08.113 Colts Fandom[17889:938028] Finished load of: file:///Users/bradylewis/Library/Developer/CoreSimulator/Devices/3FCF9804-2E14-44D6-9848-0B833C7BCF83/data/Containers/Bundle/Application/35291B59-FC13-48C9-9CBF-F737A4EED931/Colts%20Fandom.app/www/quiz.html
2014-12-11 19:27:12.859 Colts Fandom[18070:941965] DiskCookieStorage changing policy from 2 to 0, cookie file: file:///Users/bradylewis/Library/Developer/CoreSimulator/Devices/3FCF9804-2E14-44D6-9848-0B833C7BCF83/data/Containers/Data/Application/261C00E4-02B0-4933-81F0-D65F49DFF486/Library/Cookies/Cookies.binarycookies
2014-12-11 19:27:12.957 Colts Fandom[18070:941965] Multi-tasking -> Device: YES, App: YES
2014-12-11 19:27:12.966 Colts Fandom[18070:941965] Unlimited access to network resources
2014-12-11 19:27:12.970 Colts Fandom[18070:941965] 

Started backup to iCloud! Please be careful.
Your application might rejected by Apple if you store too much data.
For more information please read "iOS Data Storage Guidelines"
You could find it at the following address https://developer.apple.com/icloud/documentation/data-storage/ .

2014-12-11 19:27:13.175 Colts Fandom[18070:941965] Resetting plugins due to page load.
2014-12-11 19:27:13.225 Colts Fandom[18070:941965] Finished load of: file:///Users/bradylewis/Library/Developer/CoreSimulator/Devices/3FCF9804-2E14-44D6-9848-0B833C7BCF83/data/Containers/Bundle/Application/F4B8D76C-3D45-49D5-AB21-18955A372AF1/Colts%20Fandom.app/www/index.html
2014-12-11 19:27:17.143 Colts Fandom[18070:941965] Resetting plugins due to page load.
2014-12-11 19:27:17.215 Colts Fandom[18070:941965] Finished load of: file:///Users/bradylewis/Library/Developer/CoreSimulator/Devices/3FCF9804-2E14-44D6-9848-0B833C7BCF83/data/Containers/Bundle/Application/F4B8D76C-3D45-49D5-AB21-18955A372AF1/Colts%20Fandom.app/www/quiz.html
2014-12-11 19:38:04.987 Colts Fandom[18249:946451] DiskCookieStorage changing policy from 2 to 0, cookie file: file:///Users/bradylewis/Library/Developer/CoreSimulator/Devices/3FCF9804-2E14-44D6-9848-0B833C7BCF83/data/Containers/Data/Application/016D9A56-7BC8-461D-90E3-928DAC30B1F8/Library/Cookies/Cookies.binarycookies
2014-12-11 19:38:05.081 Colts Fandom[18249:946451] Multi-tasking -> Device: YES, App: YES
2014-12-11 19:38:05.090 Colts Fandom[18249:946451] Unlimited access to network resources
2014-12-11 19:38:05.092 Colts Fandom[18249:946451] 

Started backup to iCloud! Please be careful.
Your application might rejected by Apple if you store too much data.
For more information please read "iOS Data Storage Guidelines"
You could find it at the following address https://developer.apple.com/icloud/documentation/data-storage/ .

2014-12-11 19:38:05.283 Colts Fandom[18249:946451] Resetting plugins due to page load.
2014-12-11 19:38:05.337 Colts Fandom[18249:946451] Finished load of: file:///Users/bradylewis/Library/Developer/CoreSimulator/Devices/3FCF9804-2E14-44D6-9848-0B833C7BCF83/data/Containers/Bundle/Application/140B4C5C-515D-4245-98EA-DB213FDA13EE/Colts%20Fandom.app/www/index.html
2014-12-11 19:38:52.754 Colts Fandom[18249:946451] Resetting plugins due to page load.
2014-12-11 19:38:52.788 Colts Fandom[18249:946451] Finished load of: file:///Users/bradylewis/Library/Developer/CoreSimulator/Devices/3FCF9804-2E14-44D6-9848-0B833C7BCF83/data/Containers/Bundle/Application/140B4C5C-515D-4245-98EA-DB213FDA13EE/Colts%20Fandom.app/www/quiz.html
2014-12-11 19:39:14.817 Colts Fandom[18249:946451] Resetting plugins due to page load.
2014-12-11 19:39:14.830 Colts Fandom[18249:946451] Finished load of: file:///Users/bradylewis/Library/Developer/CoreSimulator/Devices/3FCF9804-2E14-44D6-9848-0B833C7BCF83/data/Containers/Bundle/Application/140B4C5C-515D-4245-98EA-DB213FDA13EE/Colts%20Fandom.app/www/index.html
2014-12-11 20:41:51.066 Colts Fandom[18506:965420] DiskCookieStorage changing policy from 2 to 0, cookie file: file:///Users/bradylewis/Library/Developer/CoreSimulator/Devices/3FCF9804-2E14-44D6-9848-0B833C7BCF83/data/Containers/Data/Application/F85313DA-7A9A-476A-921E-A60EF3A8AB2E/Library/Cookies/Cookies.binarycookies
2014-12-11 20:41:51.146 Colts Fandom[18506:965420] Multi-tasking -> Device: YES, App: YES
2014-12-11 20:41:51.174 Colts Fandom[18506:965420] Unlimited access to network resources
2014-12-11 20:41:51.179 Colts Fandom[18506:965420] 

Started backup to iCloud! Please be careful.
Your application might rejected by Apple if you store too much data.
For more information please read "iOS Data Storage Guidelines"
You could find it at the following address https://developer.apple.com/icloud/documentation/data-storage/ .

2014-12-11 20:41:51.721 Colts Fandom[18506:965420] Resetting plugins due to page load.
2014-12-11 20:41:51.850 Colts Fandom[18506:965420] Finished load of: file:///Users/bradylewis/Library/Developer/CoreSimulator/Devices/3FCF9804-2E14-44D6-9848-0B833C7BCF83/data/Containers/Bundle/Application/7FCC8B05-0110-46DE-8F29-90827346F679/Colts%20Fandom.app/www/index.html
2014-12-11 20:41:55.688 Colts Fandom[18506:965420] Resetting plugins due to page load.
2014-12-11 20:41:55.839 Colts Fandom[18506:965420] Finished load of: file:///Users/bradylewis/Library/Developer/CoreSimulator/Devices/3FCF9804-2E14-44D6-9848-0B833C7BCF83/data/Containers/Bundle/Application/7FCC8B05-0110-46DE-8F29-90827346F679/Colts%20Fandom.app/www/photos.html
2014-12-11 20:41:57.740 Colts Fandom[18506:965420] Resetting plugins due to page load.
2014-12-11 20:41:57.757 Colts Fandom[18506:965420] Finished load of: file:///Users/bradylewis/Library/Developer/CoreSimulator/Devices/3FCF9804-2E14-44D6-9848-0B833C7BCF83/data/Containers/Bundle/Application/7FCC8B05-0110-46DE-8F29-90827346F679/Colts%20Fandom.app/www/index.html
2014-12-11 20:48:09.771 Colts Fandom[18690:968375] DiskCookieStorage changing policy from 2 to 0, cookie file: file:///Users/bradylewis/Library/Developer/CoreSimulator/Devices/3FCF9804-2E14-44D6-9848-0B833C7BCF83/data/Containers/Data/Application/B77D378F-00D9-4592-A116-6412228CC94B/Library/Cookies/Cookies.binarycookies
2014-12-11 20:48:09.828 Colts Fandom[18690:968375] Multi-tasking -> Device: YES, App: YES
2014-12-11 20:48:09.837 Colts Fandom[18690:968375] Unlimited access to network resources
2014-12-11 20:48:09.840 Colts Fandom[18690:968375] 

Started backup to iCloud! Please be careful.
Your application might rejected by Apple if you store too much data.
For more information please read "iOS Data Storage Guidelines"
You could find it at the following address https://developer.apple.com/icloud/documentation/data-storage/ .

2014-12-11 20:48:10.069 Colts Fandom[18690:968375] Resetting plugins due to page load.
2014-12-11 20:48:10.132 Colts Fandom[18690:968375] Finished load of: file:///Users/bradylewis/Library/Developer/CoreSimulator/Devices/3FCF9804-2E14-44D6-9848-0B833C7BCF83/data/Containers/Bundle/Application/B81277CD-ABB2-408F-970B-A5AE2C2F4E4B/Colts%20Fandom.app/www/index.html
2014-12-11 20:48:44.632 Colts Fandom[18956:969368] DiskCookieStorage changing policy from 2 to 0, cookie file: file:///Users/bradylewis/Library/Developer/CoreSimulator/Devices/3FCF9804-2E14-44D6-9848-0B833C7BCF83/data/Containers/Data/Application/986399F1-0C70-4322-A4DE-A33739EA253C/Library/Cookies/Cookies.binarycookies
2014-12-11 20:48:44.692 Colts Fandom[18956:969368] Multi-tasking -> Device: YES, App: YES
2014-12-11 20:48:44.701 Colts Fandom[18956:969368] Unlimited access to network resources
2014-12-11 20:48:44.704 Colts Fandom[18956:969368] 

Started backup to iCloud! Please be careful.
Your application might rejected by Apple if you store too much data.
For more information please read "iOS Data Storage Guidelines"
You could find it at the following address https://developer.apple.com/icloud/documentation/data-storage/ .

2014-12-11 20:48:44.889 Colts Fandom[18956:969368] Resetting plugins due to page load.
2014-12-11 20:48:44.954 Colts Fandom[18956:969368] Finished load of: file:///Users/bradylewis/Library/Developer/CoreSimulator/Devices/3FCF9804-2E14-44D6-9848-0B833C7BCF83/data/Containers/Bundle/Application/878FADDC-09F3-4828-AB86-514A24716889/Colts%20Fandom.app/www/index.html
2014-12-11 20:54:13.797 Colts Fandom[19165:972579] DiskCookieStorage changing policy from 2 to 0, cookie file: file:///Users/bradylewis/Library/Developer/CoreSimulator/Devices/3FCF9804-2E14-44D6-9848-0B833C7BCF83/data/Containers/Data/Application/F3637359-1CE2-4B52-BDC9-35EAFA8A3D80/Library/Cookies/Cookies.binarycookies
2014-12-11 20:54:13.863 Colts Fandom[19165:972579] Multi-tasking -> Device: YES, App: YES
2014-12-11 20:54:13.871 Colts Fandom[19165:972579] Unlimited access to network resources
2014-12-11 20:54:13.875 Colts Fandom[19165:972579] 

Started backup to iCloud! Please be careful.
Your application might rejected by Apple if you store too much data.
For more information please read "iOS Data Storage Guidelines"
You could find it at the following address https://developer.apple.com/icloud/documentation/data-storage/ .

2014-12-11 20:54:14.113 Colts Fandom[19165:972579] Resetting plugins due to page load.
2014-12-11 20:54:14.174 Colts Fandom[19165:972579] Finished load of: file:///Users/bradylewis/Library/Developer/CoreSimulator/Devices/3FCF9804-2E14-44D6-9848-0B833C7BCF83/data/Containers/Bundle/Application/27B60DBE-F599-4450-802D-2261B401F915/Colts%20Fandom.app/www/index.html
2014-12-11 20:54:19.171 Colts Fandom[19165:972579] Resetting plugins due to page load.
2014-12-11 20:54:19.224 Colts Fandom[19165:972579] Finished load of: file:///Users/bradylewis/Library/Developer/CoreSimulator/Devices/3FCF9804-2E14-44D6-9848-0B833C7BCF83/data/Containers/Bundle/Application/27B60DBE-F599-4450-802D-2261B401F915/Colts%20Fandom.app/www/quiz.html
2014-12-11 20:54:33.063 Colts Fandom[19165:972579] Resetting plugins due to page load.
2014-12-11 20:54:33.086 Colts Fandom[19165:972579] Finished load of: file:///Users/bradylewis/Library/Developer/CoreSimulator/Devices/3FCF9804-2E14-44D6-9848-0B833C7BCF83/data/Containers/Bundle/Application/27B60DBE-F599-4450-802D-2261B401F915/Colts%20Fandom.app/www/index.html
2014-12-11 20:54:36.487 Colts Fandom[19165:972579] Resetting plugins due to page load.
2014-12-11 20:54:36.519 Colts Fandom[19165:972579] Finished load of: file:///Users/bradylewis/Library/Developer/CoreSimulator/Devices/3FCF9804-2E14-44D6-9848-0B833C7BCF83/data/Containers/Bundle/Application/27B60DBE-F599-4450-802D-2261B401F915/Colts%20Fandom.app/www/lineup.html
2014-12-11 20:54:40.816 Colts Fandom[19165:972579] Resetting plugins due to page load.
2014-12-11 20:54:40.829 Colts Fandom[19165:972579] Finished load of: file:///Users/bradylewis/Library/Developer/CoreSimulator/Devices/3FCF9804-2E14-44D6-9848-0B833C7BCF83/data/Containers/Bundle/Application/27B60DBE-F599-4450-802D-2261B401F915/Colts%20Fandom.app/www/index.html
2014-12-11 20:54:42.840 Colts Fandom[19165:972579] Resetting plugins due to page load.
2014-12-11 20:54:42.876 Colts Fandom[19165:972579] Finished load of: file:///Users/bradylewis/Library/Developer/CoreSimulator/Devices/3FCF9804-2E14-44D6-9848-0B833C7BCF83/data/Containers/Bundle/Application/27B60DBE-F599-4450-802D-2261B401F915/Colts%20Fandom.app/www/photos.html
2014-12-11 20:55:31.431 Colts Fandom[19165:972579] Resetting plugins due to page load.
2014-12-11 20:55:31.443 Colts Fandom[19165:972579] Finished load of: file:///Users/bradylewis/Library/Developer/CoreSimulator/Devices/3FCF9804-2E14-44D6-9848-0B833C7BCF83/data/Containers/Bundle/Application/27B60DBE-F599-4450-802D-2261B401F915/Colts%20Fandom.app/www/index.html
